<?xml version="1.0" encoding="UTF-8"?>
<!-- Generated by org.testng.reporters.JUnitReportReporter -->
<testsuite hostname="SANGEETHA-PC" failures="0" tests="14" name="tests.RegisterTest" time="18.144" errors="0" timestamp="01 Mar. 2023 06:20:43 GMT" skipped="0">
  <testcase classname="tests.RegisterTest" name="register" time="3.418"/>
  <testcase classname="tests.RegisterTest" name="registerFillFormFirstNameTest" time="0.895"/>
  <testcase classname="tests.RegisterTest" name="registerFillFormLastNameTest" time="0.941"/>
  <testcase classname="tests.RegisterTest" name="registerFillFormPhoneTest" time="0.821"/>
  <testcase classname="tests.RegisterTest" name="registerFillFormEmailTest" time="0.864"/>
  <testcase classname="tests.RegisterTest" name="registerFillFormAddressTest" time="0.866"/>
  <testcase classname="tests.RegisterTest" name="registerFillFormCityTest" time="0.862"/>
  <testcase classname="tests.RegisterTest" name="registerFillFormStateTest" time="0.820"/>
  <testcase classname="tests.RegisterTest" name="registerFillFormPostalCodeTest" time="0.821"/>
  <testcase classname="tests.RegisterTest" name="registerFillFormCountryTest" time="0.885"/>
  <testcase classname="tests.RegisterTest" name="registerFillFormUserNameTest" time="0.810"/>
  <testcase classname="tests.RegisterTest" name="registerFillFormPasswordTest" time="1.244"/>
  <testcase classname="tests.RegisterTest" name="registerFillFormCPasswordTest" time="0.853"/>
  <testcase classname="tests.RegisterTest" name="registerFormSubmitBtnTest" time="4.044"/>
</testsuite> <!-- tests.RegisterTest -->
